<?xml version="1.0" encoding="UTF-8"?>
<!-- Generated by org.testng.reporters.JUnitXMLReporter -->
<testsuite hostname="navyug-PC" ignored="0" name="Test" tests="4" failures="0" timestamp="10 Aug 2017 08:43:54 GMT" time="0.142" errors="0">
  <testcase name="check" time="0.019" classname="Package2.Annotations"/>
  <testcase name="check6" time="0.005" classname="Package2.Annotations"/>
  <testcase name="check6_annotation2" time="0.004" classname="Package2.Annotations2"/>
  <testcase name="check_annotation2" time="0.005" classname="Package2.Annotations2"/>
</testsuite> <!-- Test -->
